 INFO  Accepting connections at http://localhost:5503
 INFO  Accepting connections at http://localhost:56418
 HTTP  8/5/2026 4:17:39 p. m. ::1 GET /
 HTTP  8/5/2026 4:17:39 p. m. ::1 Returned 200 in 23 ms
 HTTP  8/5/2026 4:17:39 p. m. ::1 GET /style.css
 HTTP  8/5/2026 4:17:39 p. m. ::1 GET /logo-oye-bonita.png
 HTTP  8/5/2026 4:17:39 p. m. ::1 Returned 200 in 7 ms
 HTTP  8/5/2026 4:17:39 p. m. ::1 Returned 200 in 9 ms
 HTTP  8/5/2026 4:17:39 p. m. ::1 GET /script.js
 HTTP  8/5/2026 4:17:39 p. m. ::1 Returned 200 in 5 ms
 HTTP  8/5/2026 4:17:40 p. m. ::1 GET /assets/images/favicon.ico
 HTTP  8/5/2026 4:17:40 p. m. ::1 GET /assets/images/apple-touch-icon.png
 HTTP  8/5/2026 4:17:40 p. m. ::1 Returned 404 in 10 ms
 HTTP  8/5/2026 4:17:40 p. m. ::1 Returned 404 in 10 ms
 HTTP  8/5/2026 4:17:41 p. m. ::1 GET /data/menu-data.json
 HTTP  8/5/2026 4:17:41 p. m. ::1 Returned 200 in 1 ms
 HTTP  8/5/2026 4:17:54 p. m. ::1 GET /
 HTTP  8/5/2026 4:17:54 p. m. ::1 Returned 200 in 3 ms
 HTTP  8/5/2026 4:17:54 p. m. ::1 GET /style.css
 HTTP  8/5/2026 4:17:54 p. m. ::1 Returned 200 in 2 ms
 HTTP  8/5/2026 4:17:54 p. m. ::1 GET /logo-oye-bonita.png
 HTTP  8/5/2026 4:17:54 p. m. ::1 GET /script.js
 HTTP  8/5/2026 4:17:54 p. m. ::1 Returned 200 in 1 ms
 HTTP  8/5/2026 4:17:54 p. m. ::1 Returned 200 in 2 ms
 HTTP  8/5/2026 4:17:54 p. m. ::1 GET /assets/images/favicon.ico
 HTTP  8/5/2026 4:17:54 p. m. ::1 GET /assets/images/apple-touch-icon.png
 HTTP  8/5/2026 4:17:54 p. m. ::1 Returned 404 in 1 ms
 HTTP  8/5/2026 4:17:54 p. m. ::1 Returned 404 in 2 ms
 HTTP  8/5/2026 4:17:56 p. m. ::1 GET /data/menu-data.json
 HTTP  8/5/2026 4:17:56 p. m. ::1 Returned 200 in 1 ms
